<?xml version="1.0" encoding="UTF-8"?>
<!-- Generated by org.testng.reporters.JUnitReportReporter -->
<testsuite skipped="0" hostname="DEL1-DHP-41193" name="com.restAssured.Merrill.resources.BaseClass" tests="1" failures="0" timestamp="17 Jul 2017 08:49:33 GMT" time="0.006" errors="0">
  <testcase name="LoadPropFile" time="0.006" classname="com.restAssured.Merrill.resources.BaseClass"/>
</testsuite> <!-- com.restAssured.Merrill.resources.BaseClass -->
