<?xml version="1.0" encoding="UTF-8"?>
<!-- Generated by org.testng.reporters.JUnitReportReporter -->
<testsuite skipped="0" hostname="DEL1-DHP-41193" name="com.restAssured.Merrill.resources.Keywords" tests="1" failures="0" timestamp="09 Aug 2017 07:41:53 GMT" time="1.646" errors="0">
  <testcase name="statusOK" time="1.646" classname="com.restAssured.Merrill.resources.Keywords"/>
</testsuite> <!-- com.restAssured.Merrill.resources.Keywords -->
